SF:lib\data\models\last_episode_to_air_model.dart
DA:4,3
DA:28,1
DA:29,1
DA:30,2
DA:31,1
DA:32,1
DA:33,1
DA:34,1
DA:35,1
DA:36,1
DA:37,1
DA:38,2
DA:39,1
DA:42,2
DA:44,13
DA:45,1
DA:46,1
DA:47,1
DA:48,1
DA:49,1
DA:50,1
DA:51,1
DA:52,1
DA:53,1
DA:56,1
DA:57,1
DA:58,1
DA:59,1
DA:60,1
DA:61,1
DA:62,1
DA:63,1
DA:64,1
DA:65,1
DA:66,1
DA:67,1
LF:36
LH:36
end_of_record
SF:lib\data\models\episode_model.dart
DA:4,4
DA:28,2
DA:29,1
DA:30,1
DA:31,1
DA:32,1
DA:33,1
DA:34,1
DA:35,1
DA:36,1
DA:37,2
DA:38,1
DA:41,2
DA:42,1
DA:43,1
DA:44,1
DA:45,1
DA:46,1
DA:47,1
DA:48,1
DA:49,1
DA:50,1
DA:51,1
DA:54,1
DA:55,1
DA:56,1
DA:57,1
DA:58,1
DA:59,1
DA:60,1
DA:61,1
DA:62,1
DA:63,1
DA:64,1
DA:65,1
DA:69,2
DA:70,2
DA:71,2
DA:72,2
DA:73,2
DA:74,2
DA:75,2
DA:76,2
DA:77,2
DA:78,2
DA:79,2
DA:80,2
LF:47
LH:47
end_of_record
SF:lib\data\models\production_model.dart
DA:4,4
DA:16,1
DA:17,1
DA:18,1
DA:19,1
DA:20,1
DA:21,1
DA:24,4
DA:25,2
DA:26,2
DA:27,2
DA:28,2
DA:31,1
DA:32,1
DA:33,1
DA:34,1
DA:35,1
DA:36,1
DA:41,3
DA:49,1
DA:50,1
DA:51,1
DA:52,1
DA:55,2
DA:56,1
DA:57,1
DA:60,1
DA:61,1
DA:62,1
DA:63,1
LF:30
LH:30
end_of_record
SF:lib\data\models\tv_series_model.dart
DA:4,4
DA:33,4
DA:34,2
DA:35,4
DA:36,2
DA:37,2
DA:38,4
DA:39,2
DA:40,2
DA:41,8
DA:42,8
DA:43,2
DA:44,2
DA:45,2
DA:46,2
DA:49,2
DA:50,1
DA:51,1
DA:52,1
DA:53,1
DA:54,1
DA:55,1
DA:56,1
DA:57,1
DA:58,1
DA:59,1
DA:60,1
DA:61,1
DA:62,1
DA:65,2
DA:66,2
DA:67,2
DA:68,2
DA:69,2
DA:70,2
DA:71,2
DA:72,2
DA:73,2
DA:74,2
DA:75,2
DA:76,2
DA:77,2
DA:78,2
DA:79,2
DA:83,2
DA:84,2
DA:85,2
DA:86,2
DA:87,2
DA:88,2
DA:89,2
DA:90,2
DA:91,2
DA:92,2
DA:93,2
DA:94,2
DA:95,2
DA:96,2
DA:97,2
LF:59
LH:59
end_of_record
SF:lib\data\models\tv_series_response.dart
DA:6,2
DA:8,2
DA:9,2
DA:10,4
DA:11,6
DA:12,6
DA:15,2
DA:16,5
DA:18,1
DA:19,2
LF:10
LH:10
end_of_record
SF:lib\data\models\network_model.dart
DA:4,4
DA:16,2
DA:17,1
DA:18,1
DA:19,1
DA:20,1
DA:23,4
DA:24,2
DA:25,2
DA:26,2
DA:27,2
DA:30,1
DA:31,1
DA:32,1
DA:33,1
DA:34,1
DA:35,1
LF:17
LH:17
end_of_record
SF:lib\data\models\tv_series_tabel.dart
DA:10,3
DA:18,2
DA:19,1
DA:20,1
DA:21,1
DA:22,1
DA:26,2
DA:27,1
DA:28,1
DA:29,1
DA:30,1
DA:31,1
DA:34,2
DA:35,1
DA:36,1
DA:37,1
DA:38,1
DA:39,1
DA:42,2
DA:43,1
DA:44,1
DA:45,1
DA:46,1
DA:48,2
DA:49,2
DA:50,2
DA:51,2
DA:52,2
DA:53,2
DA:54,2
LF:30
LH:30
end_of_record
SF:lib\data\models\season_detail_model.dart
DA:4,3
DA:10,1
DA:11,1
DA:12,1
DA:13,4
DA:16,2
DA:17,5
DA:20,1
DA:21,1
DA:22,5
DA:26,1
DA:27,2
LF:12
LH:12
end_of_record
SF:lib\data\models\tv_series_detail_model.dart
DA:4,3
DA:70,1
DA:71,1
DA:72,1
DA:73,1
DA:74,4
DA:75,4
DA:76,2
DA:77,1
DA:78,4
DA:79,1
DA:80,1
DA:81,1
DA:82,4
DA:83,2
DA:85,2
DA:86,1
DA:87,1
DA:88,1
DA:89,4
DA:90,1
DA:91,1
DA:92,4
DA:93,1
DA:94,1
DA:95,1
DA:96,2
DA:97,1
DA:98,1
DA:99,1
DA:100,3
DA:101,1
DA:102,1
DA:103,3
DA:104,1
DA:105,4
DA:106,2
DA:107,3
DA:108,1
DA:109,1
DA:110,1
DA:111,2
DA:112,1
DA:115,2
DA:116,1
DA:117,5
DA:118,4
DA:120,13
DA:121,5
DA:122,1
DA:123,1
DA:124,1
DA:125,4
DA:127,13
DA:128,2
DA:129,1
DA:130,1
DA:131,5
DA:132,1
DA:133,1
DA:134,4
DA:135,1
DA:136,1
DA:137,1
DA:138,1
DA:139,1
DA:141,5
DA:143,5
DA:144,5
DA:146,5
DA:147,1
DA:148,1
DA:149,1
DA:150,1
DA:151,1
DA:154,1
DA:155,1
DA:156,1
DA:157,1
DA:158,5
DA:159,1
DA:160,1
DA:161,1
DA:162,1
DA:163,1
DA:164,5
DA:165,1
DA:166,1
DA:170,1
DA:171,1
DA:172,1
DA:173,1
DA:174,1
DA:175,1
DA:176,1
DA:177,1
DA:178,1
DA:179,1
DA:180,1
DA:181,1
DA:182,1
DA:183,1
DA:184,1
DA:185,1
DA:186,1
DA:187,1
DA:188,1
DA:189,1
DA:190,1
DA:191,1
DA:192,1
DA:193,1
DA:194,1
DA:195,1
DA:196,1
DA:197,1
DA:198,1
DA:199,1
DA:200,1
DA:201,1
DA:202,1
LF:121
LH:121
end_of_record
SF:lib\data\models\created_by_model.dart
DA:4,4
DA:18,2
DA:19,1
DA:20,1
DA:21,1
DA:22,1
DA:23,1
DA:26,4
DA:27,2
DA:28,2
DA:29,2
DA:30,2
DA:31,2
DA:34,1
DA:35,1
DA:36,1
DA:37,1
DA:38,1
DA:39,1
DA:40,1
LF:20
LH:20
end_of_record
SF:lib\data\models\season_model.dart
DA:4,4
DA:24,2
DA:25,1
DA:26,1
DA:27,1
DA:28,1
DA:29,1
DA:30,1
DA:31,1
DA:33,4
DA:34,2
DA:35,2
DA:36,2
DA:37,2
DA:38,2
DA:39,2
DA:40,2
DA:43,1
DA:44,1
DA:45,1
DA:46,1
DA:47,1
DA:48,1
DA:49,1
DA:50,1
DA:51,1
DA:55,1
DA:56,1
DA:57,1
DA:58,1
DA:59,1
DA:60,1
DA:61,1
DA:62,1
DA:63,1
DA:64,1
LF:36
LH:36
end_of_record
SF:lib\data\models\spoken_language_model.dart
DA:4,4
DA:14,1
DA:15,1
DA:16,1
DA:17,1
DA:18,1
DA:21,4
DA:22,2
DA:23,2
DA:24,2
DA:27,1
DA:28,1
DA:29,1
DA:30,1
DA:31,1
LF:15
LH:15
end_of_record
SF:lib\data\datasources\tv_series_remote_data_source.dart
DA:23,1
DA:26,1
DA:28,5
DA:29,2
DA:30,4
DA:32,1
DA:37,1
DA:39,5
DA:40,2
DA:41,4
DA:43,1
DA:48,1
DA:50,5
DA:51,2
DA:52,4
DA:54,1
DA:59,1
DA:60,2
DA:61,3
DA:62,2
DA:63,4
DA:65,1
DA:70,1
DA:72,5
DA:73,2
DA:74,1
DA:75,2
DA:77,1
DA:82,1
DA:83,2
DA:84,3
DA:85,2
DA:86,4
DA:88,1
DA:93,1
DA:95,3
DA:96,2
DA:97,2
DA:98,3
DA:99,1
DA:101,1
LF:41
LH:41
end_of_record
SF:lib\data\datasources\tv_series_local_data_source.dart
DA:14,1
DA:17,1
DA:19,3
DA:22,2
DA:27,1
DA:29,3
DA:32,2
DA:37,1
DA:38,3
DA:40,1
DA:47,1
DA:48,3
DA:49,4
LF:13
LH:13
end_of_record
SF:lib\domain\entities\created_by.dart
DA:4,1
DA:18,2
DA:19,1
DA:20,1
DA:21,1
DA:22,1
DA:23,1
DA:26,1
DA:27,1
DA:28,1
DA:29,1
DA:30,1
DA:31,1
DA:32,1
LF:14
LH:14
end_of_record
SF:lib\domain\entities\season.dart
DA:4,5
DA:24,2
DA:25,2
DA:26,2
DA:27,2
DA:28,2
DA:29,2
DA:30,2
DA:31,2
DA:32,2
DA:33,2
LF:11
LH:11
end_of_record
SF:lib\domain\entities\tv_series.dart
DA:4,9
DA:20,1
DA:41,7
DA:42,7
DA:43,7
DA:44,7
DA:45,7
DA:46,7
DA:47,7
DA:48,7
DA:49,7
DA:50,7
DA:51,7
DA:52,7
DA:53,7
DA:54,7
DA:55,7
LF:17
LH:17
end_of_record
SF:lib\domain\entities\tv_series_detail.dart
DA:4,5
DA:30,2
DA:31,2
DA:32,2
DA:33,2
DA:34,2
DA:35,2
DA:36,2
DA:37,2
DA:38,2
DA:39,2
DA:40,2
DA:41,2
DA:42,2
LF:14
LH:14
end_of_record
SF:lib\domain\entities\episode.dart
DA:4,8
DA:28,4
DA:29,2
DA:30,2
DA:31,2
DA:32,2
DA:33,2
DA:34,2
DA:35,2
DA:36,2
DA:37,2
DA:38,2
DA:41,3
DA:42,3
DA:43,3
DA:44,3
DA:45,3
DA:46,3
DA:47,3
DA:48,3
DA:49,3
DA:50,3
DA:51,3
DA:52,3
LF:24
LH:24
end_of_record
SF:lib\domain\entities\season_detail.dart
DA:4,2
DA:10,2
DA:11,5
DA:14,1
DA:15,2
LF:5
LH:5
end_of_record
SF:lib\data\repositories\tv_series_repository_impl.dart
DA:15,1
DA:21,1
DA:23,3
DA:24,5
DA:25,1
DA:26,2
DA:27,1
DA:28,2
DA:29,0
DA:30,0
DA:35,1
DA:37,3
DA:38,5
DA:39,1
DA:40,2
DA:41,1
DA:42,2
DA:43,0
DA:44,0
DA:49,1
DA:51,3
DA:52,5
DA:53,1
DA:54,2
DA:55,1
DA:56,2
DA:57,0
DA:58,0
DA:63,1
DA:65,3
DA:66,5
DA:67,1
DA:68,2
DA:69,1
DA:70,2
DA:71,0
DA:72,0
DA:77,1
DA:79,3
DA:80,2
DA:81,1
DA:82,2
DA:83,1
DA:84,2
DA:85,0
DA:86,0
DA:91,1
DA:94,3
DA:95,3
DA:96,1
DA:97,2
DA:98,1
DA:99,2
DA:100,0
DA:101,0
DA:106,1
DA:110,3
DA:111,3
DA:112,1
DA:113,2
DA:114,1
DA:115,2
DA:116,0
DA:117,0
DA:122,1
DA:124,2
DA:125,2
DA:126,1
DA:127,1
DA:128,3
DA:135,1
DA:138,2
DA:139,2
DA:140,1
DA:141,1
DA:142,3
DA:147,1
DA:148,3
DA:149,5
DA:153,1
DA:154,3
LF:81
LH:67
end_of_record
SF:lib\domain\usecases\search_tv_series.dart
DA:6,1
DA:8,1
DA:9,2
LF:3
LH:3
end_of_record
SF:lib\domain\usecases\get_top_rated_tv_series.dart
DA:6,1
DA:8,1
DA:9,2
LF:3
LH:3
end_of_record
SF:lib\domain\usecases\get_watchlist_tv_series.dart
DA:6,1
DA:8,1
DA:9,2
LF:3
LH:3
end_of_record
SF:lib\domain\usecases\get_tv_series_detail.dart
DA:6,1
DA:8,1
DA:9,2
LF:3
LH:3
end_of_record
SF:lib\domain\usecases\get_season_detail.dart
DA:6,1
DA:8,1
DA:10,2
LF:3
LH:3
end_of_record
SF:lib\domain\usecases\get_tv_series_recommendations.dart
DA:6,1
DA:8,1
DA:9,2
LF:3
LH:3
end_of_record
SF:lib\domain\usecases\get_popular_tv_series.dart
DA:6,1
DA:8,1
DA:9,2
LF:3
LH:3
end_of_record
SF:lib\domain\usecases\get_on_the_air_tv_series.dart
DA:6,1
DA:8,1
DA:9,2
LF:3
LH:3
end_of_record
SF:lib\presentation\bloc\ontheairtvseries_event.dart
DA:4,1
DA:8,0
DA:9,0
LF:3
LH:1
end_of_record
SF:lib\presentation\bloc\ontheairtvseries_state.dart
DA:4,1
DA:6,1
DA:7,1
DA:13,1
DA:15,1
DA:16,2
DA:24,1
DA:26,1
DA:27,2
LF:9
LH:9
end_of_record
SF:lib\presentation\bloc\ontheairtvseries_bloc.dart
DA:11,1
DA:12,2
DA:17,1
DA:19,1
DA:20,2
DA:22,3
DA:23,3
DA:24,3
DA:25,1
DA:26,2
DA:29,0
LF:11
LH:10
end_of_record
SF:lib\presentation\bloc\populartvseries_state.dart
DA:4,2
DA:6,1
DA:7,1
DA:13,2
DA:15,1
DA:16,2
DA:24,2
DA:26,1
DA:27,2
LF:9
LH:9
end_of_record
SF:lib\presentation\bloc\populartvseries_bloc.dart
DA:11,1
DA:12,2
DA:17,1
DA:19,1
DA:20,2
DA:22,3
DA:23,3
DA:24,3
DA:25,1
DA:26,2
DA:29,0
LF:11
LH:10
end_of_record
SF:lib\presentation\bloc\populartvseries_event.dart
DA:4,2
DA:6,0
DA:7,0
DA:11,0
DA:12,0
LF:5
LH:1
end_of_record
SF:lib\presentation\bloc\recommendations_tv_series_state.dart
DA:4,1
DA:6,0
DA:7,0
DA:13,1
DA:15,0
DA:16,0
DA:24,0
DA:26,0
DA:27,0
LF:9
LH:2
end_of_record
SF:lib\presentation\bloc\recommendations_tv_series_bloc.dart
DA:11,0
DA:13,0
DA:18,0
DA:20,0
DA:23,0
DA:25,0
DA:26,0
DA:27,0
DA:28,0
DA:31,0
LF:10
LH:0
end_of_record
SF:lib\presentation\bloc\recommendations_tv_series_event.dart
DA:4,1
DA:10,1
DA:12,0
DA:13,0
LF:4
LH:2
end_of_record
SF:lib\presentation\bloc\topratedtvseries_event.dart
DA:4,3
DA:9,0
DA:10,0
LF:3
LH:1
end_of_record
SF:lib\presentation\bloc\topratedtvseries_state.dart
DA:4,3
DA:6,1
DA:7,1
DA:13,3
DA:15,1
DA:16,2
DA:24,2
DA:26,1
DA:27,2
LF:9
LH:9
end_of_record
SF:lib\presentation\bloc\topratedtvseries_bloc.dart
DA:11,1
DA:12,2
DA:17,1
DA:19,1
DA:20,2
DA:22,3
DA:23,3
DA:24,3
DA:25,1
DA:26,2
DA:29,0
LF:11
LH:10
end_of_record
SF:lib\presentation\bloc\tv_series_detail_bloc.dart
DA:11,1
DA:14,2
DA:20,1
DA:23,1
DA:24,2
DA:26,4
DA:28,3
DA:29,3
DA:30,1
DA:32,4
DA:33,3
DA:34,4
DA:36,3
DA:37,3
DA:41,2
DA:44,0
LF:16
LH:15
end_of_record
SF:lib\presentation\bloc\tv_series_detail_state.dart
DA:4,2
DA:6,1
DA:7,1
DA:13,2
DA:15,1
DA:16,2
DA:24,1
DA:26,1
DA:27,2
LF:9
LH:9
end_of_record
SF:lib\presentation\bloc\tv_series_detail_event.dart
DA:4,2
DA:10,2
DA:12,0
DA:13,0
LF:4
LH:2
end_of_record
SF:lib\presentation\bloc\tv_series_search_state.dart
DA:4,1
DA:6,1
DA:7,1
DA:17,1
DA:19,1
DA:20,2
DA:26,1
DA:28,1
DA:29,2
LF:9
LH:9
end_of_record
SF:lib\presentation\bloc\tv_series_search_event.dart
DA:4,1
DA:10,1
DA:12,0
DA:13,0
LF:4
LH:2
end_of_record
SF:lib\presentation\bloc\tv_series_search_bloc.dart
DA:12,1
DA:13,2
DA:17,1
DA:26,1
DA:27,1
DA:31,1
DA:34,1
DA:35,1
DA:36,1
DA:37,0
DA:39,2
DA:41,3
DA:42,3
DA:43,3
DA:44,1
DA:45,2
DA:48,0
LF:17
LH:15
end_of_record
SF:lib\presentation\bloc\watchlist_tv_series_state.dart
DA:4,2
DA:6,1
DA:7,1
DA:15,1
DA:17,1
DA:18,2
DA:24,1
DA:26,1
DA:27,2
DA:33,2
DA:35,1
DA:36,2
LF:12
LH:12
end_of_record
SF:lib\presentation\bloc\watchlist_tv_series_event.dart
DA:4,2
DA:6,0
DA:7,0
DA:11,0
DA:12,0
DA:18,2
DA:20,0
DA:21,0
DA:27,1
DA:29,0
DA:30,0
DA:36,2
DA:38,0
DA:39,0
LF:14
LH:4
end_of_record
SF:lib\presentation\bloc\watchlist_tv_series_bloc.dart
DA:12,1
DA:17,2
DA:25,1
DA:28,1
DA:29,2
DA:31,3
DA:32,3
DA:33,3
DA:34,1
DA:35,2
DA:38,0
DA:40,1
DA:41,4
DA:43,3
DA:45,3
DA:46,2
DA:49,5
DA:50,2
DA:51,1
DA:53,4
DA:55,3
DA:56,3
DA:57,2
DA:60,5
DA:61,2
DA:63,1
DA:64,4
DA:65,2
LF:28
LH:27
end_of_record
SF:lib\presentation\pages\tv_series_detail_page.dart
DA:7,1
DA:9,1
DA:10,1
DA:14,1
DA:16,1
DA:17,2
DA:18,6
DA:19,2
DA:20,4
DA:21,2
DA:22,4
DA:26,1
DA:28,1
DA:29,1
DA:30,1
DA:31,1
DA:32,0
DA:33,0
DA:35,1
DA:36,1
DA:37,1
DA:38,1
DA:43,0
DA:53,1
DA:57,1
DA:59,3
DA:60,1
DA:61,1
DA:62,1
DA:63,3
DA:64,0
DA:65,0
DA:66,0
DA:71,2
DA:72,1
DA:74,0
DA:77,1
DA:79,1
DA:80,1
DA:81,1
DA:82,1
DA:84,2
DA:91,1
DA:92,1
DA:93,1
DA:95,1
DA:97,1
DA:99,1
DA:100,1
DA:101,2
DA:102,1
DA:104,1
DA:106,1
DA:107,1
DA:108,1
DA:109,1
DA:110,1
DA:113,0
DA:114,0
DA:115,0
DA:117,0
DA:118,0
DA:119,0
DA:123,1
DA:124,1
DA:125,2
DA:126,1
DA:127,2
DA:128,1
DA:132,1
DA:134,1
DA:136,1
DA:137,1
DA:138,1
DA:143,0
DA:149,1
DA:150,3
DA:152,1
DA:153,3
DA:155,1
DA:156,1
DA:157,1
DA:158,3
DA:160,2
DA:166,4
DA:169,1
DA:170,1
DA:172,1
DA:174,1
DA:175,2
DA:177,1
DA:178,1
DA:180,1
DA:182,1
DA:183,4
DA:184,1
DA:185,1
DA:186,1
DA:187,2
DA:189,1
DA:190,1
DA:191,2
DA:198,0
DA:199,1
DA:200,1
DA:201,2
DA:205,1
DA:206,1
DA:209,1
DA:211,1
DA:212,1
DA:213,2
DA:214,1
DA:215,1
DA:216,2
DA:218,0
DA:219,0
DA:220,0
DA:227,0
DA:228,0
DA:231,0
DA:236,1
DA:237,1
DA:240,2
DA:244,1
DA:245,1
DA:248,1
DA:252,1
DA:254,1
DA:256,1
DA:257,1
DA:259,1
DA:261,1
DA:263,1
DA:264,1
DA:265,0
DA:266,0
DA:269,1
DA:270,0
DA:272,1
DA:273,1
DA:275,1
DA:277,0
DA:279,0
DA:280,0
DA:282,0
DA:283,0
DA:284,0
DA:287,0
DA:290,0
DA:291,0
DA:292,0
DA:294,0
DA:296,0
DA:297,0
DA:298,0
DA:300,0
DA:303,0
DA:304,0
DA:310,2
DA:314,0
DA:321,1
DA:323,1
DA:338,1
DA:340,1
DA:343,1
DA:344,1
DA:345,0
DA:346,0
DA:355,1
DA:357,2
DA:358,3
DA:361,1
DA:365,3
DA:368,1
DA:369,2
DA:370,1
DA:371,1
DA:373,1
DA:374,1
DA:376,1
DA:378,1
DA:382,2
DA:383,4
LF:184
LH:140
end_of_record
SF:lib\presentation\pages\top_rated_tv_series_page.dart
DA:6,2
DA:7,2
DA:11,2
DA:13,2
DA:14,8
DA:17,2
DA:19,2
DA:20,2
DA:21,2
DA:23,2
DA:25,2
DA:26,2
DA:27,2
DA:28,1
DA:29,1
DA:31,2
DA:32,2
DA:33,1
DA:34,2
DA:35,1
DA:37,4
DA:39,1
DA:40,1
DA:41,1
DA:42,2
DA:45,0
LF:26
LH:25
end_of_record
SF:lib\presentation\pages\tv_series_page.dart
DA:4,0
DA:6,0
DA:8,0
DA:9,0
DA:11,0
DA:12,0
DA:14,0
DA:16,0
DA:17,0
DA:18,0
DA:19,0
DA:20,0
DA:22,0
DA:23,0
DA:25,0
DA:28,0
DA:30,0
DA:31,0
DA:33,0
DA:34,0
DA:35,0
DA:36,0
DA:37,0
DA:39,0
DA:40,0
DA:42,0
DA:45,0
DA:47,0
DA:48,0
DA:50,0
DA:51,0
DA:52,0
DA:53,0
DA:54,0
DA:56,0
DA:57,0
DA:59,0
DA:68,0
DA:69,0
DA:71,0
DA:72,0
DA:74,0
DA:76,0
DA:78,0
DA:80,0
DA:81,0
DA:93,0
DA:95,0
DA:97,0
DA:99,0
DA:101,0
DA:102,0
DA:103,0
DA:105,0
DA:106,0
DA:107,0
DA:110,0
DA:113,0
DA:114,0
DA:115,0
DA:116,0
DA:117,0
DA:118,0
DA:120,0
DA:126,0
LF:65
LH:0
end_of_record
SF:lib\presentation\pages\popular_tv_series_page.dart
DA:6,1
DA:7,1
DA:11,1
DA:13,1
DA:14,4
DA:17,1
DA:19,1
DA:20,1
DA:21,1
DA:23,1
DA:25,1
DA:26,1
DA:27,1
DA:28,1
DA:29,1
DA:31,1
DA:32,1
DA:33,0
DA:34,0
DA:35,0
DA:37,2
DA:39,1
DA:40,1
DA:41,1
DA:42,2
DA:45,0
LF:26
LH:22
end_of_record
SF:lib\presentation\widgets\tv_series_card_list.dart
DA:6,1
DA:8,1
DA:10,1
DA:12,1
DA:13,0
DA:14,0
DA:17,0
DA:20,1
DA:22,1
DA:23,1
DA:24,1
DA:30,1
DA:32,1
DA:33,1
DA:34,2
DA:37,1
DA:39,1
DA:40,1
DA:41,2
DA:49,1
DA:54,1
DA:55,1
DA:56,3
DA:58,2
DA:59,1
DA:61,0
DA:63,2
LF:27
LH:23
end_of_record
