SF:lib\data\models\movie_response.dart
DA:6,2
DA:8,4
DA:9,4
DA:10,6
DA:11,6
DA:14,2
DA:15,5
DA:18,1
DA:19,2
LF:9
LH:9
end_of_record
SF:lib\data\models\movie_table.dart
DA:10,3
DA:18,2
DA:19,1
DA:20,1
DA:21,1
DA:22,1
DA:26,2
DA:27,1
DA:28,1
DA:29,1
DA:30,1
DA:31,1
DA:34,2
DA:35,1
DA:36,1
DA:37,1
DA:38,1
DA:39,1
DA:42,2
DA:43,1
DA:44,1
DA:45,1
DA:46,1
DA:49,2
DA:50,2
DA:51,2
DA:52,2
DA:53,2
DA:54,2
DA:55,2
LF:30
LH:30
end_of_record
SF:lib\data\models\movie_detail_model.dart
DA:4,3
DA:50,1
DA:51,1
DA:52,1
DA:53,1
DA:54,1
DA:55,1
DA:56,4
DA:57,1
DA:58,1
DA:59,1
DA:60,1
DA:61,1
DA:62,1
DA:63,2
DA:64,1
DA:65,1
DA:66,1
DA:67,1
DA:68,1
DA:69,1
DA:70,1
DA:71,1
DA:72,2
DA:73,1
DA:76,2
DA:77,1
DA:78,1
DA:79,1
DA:80,5
DA:81,1
DA:82,1
DA:83,1
DA:84,1
DA:85,1
DA:86,1
DA:87,1
DA:88,1
DA:89,1
DA:90,1
DA:91,1
DA:92,1
DA:93,1
DA:94,1
DA:95,1
DA:96,1
DA:97,1
DA:100,1
DA:101,1
DA:102,1
DA:103,1
DA:104,5
DA:105,1
DA:106,1
DA:107,1
DA:108,1
DA:109,1
DA:110,1
DA:111,1
DA:112,1
DA:113,1
DA:117,0
DA:118,0
DA:119,0
DA:120,0
DA:121,0
DA:122,0
DA:127,1
DA:128,1
DA:129,1
DA:130,1
DA:131,1
DA:132,1
DA:133,1
DA:134,1
DA:135,1
DA:136,1
DA:137,1
DA:138,1
DA:139,1
DA:140,1
DA:141,1
DA:142,1
DA:143,1
DA:144,1
DA:145,1
DA:146,1
DA:147,1
DA:148,1
DA:149,1
LF:90
LH:84
end_of_record
SF:lib\data\models\movie_model.dart
DA:4,4
DA:34,4
DA:35,2
DA:36,2
DA:37,8
DA:38,2
DA:39,2
DA:40,2
DA:41,4
DA:42,2
DA:43,2
DA:44,2
DA:45,2
DA:46,4
DA:47,2
DA:50,2
DA:51,1
DA:52,1
DA:53,4
DA:54,1
DA:55,1
DA:56,1
DA:57,1
DA:58,1
DA:59,1
DA:60,1
DA:61,1
DA:62,1
DA:63,1
DA:66,2
DA:67,2
DA:68,2
DA:69,2
DA:70,2
DA:71,2
DA:72,2
DA:73,2
DA:74,2
DA:75,2
DA:76,2
DA:77,2
DA:78,2
DA:79,2
DA:80,2
DA:84,2
DA:85,2
DA:86,2
DA:87,2
DA:88,2
DA:89,2
DA:90,2
DA:91,2
DA:92,2
DA:93,2
DA:94,2
DA:95,2
DA:96,2
DA:97,2
DA:98,2
LF:59
LH:59
end_of_record
SF:lib\domain\entities\movie_detail.dart
DA:4,5
DA:32,2
DA:33,2
DA:34,2
DA:35,2
DA:36,2
DA:37,2
DA:38,2
DA:39,2
DA:40,2
DA:41,2
DA:42,2
DA:43,2
DA:44,2
LF:14
LH:14
end_of_record
SF:lib\domain\entities\movie.dart
DA:4,9
DA:20,1
DA:41,7
DA:42,7
DA:43,7
DA:44,7
DA:45,7
DA:46,7
DA:47,7
DA:48,7
DA:49,7
DA:50,7
DA:51,7
DA:52,7
DA:53,7
DA:54,7
DA:55,7
LF:17
LH:17
end_of_record
SF:lib\data\datasources\movie_remote_data_source.dart
DA:22,1
DA:25,1
DA:27,5
DA:29,2
DA:30,4
DA:32,1
DA:37,1
DA:39,5
DA:41,2
DA:42,3
DA:44,1
DA:49,1
DA:50,2
DA:51,3
DA:53,2
DA:54,4
DA:56,1
DA:61,1
DA:63,5
DA:65,2
DA:66,4
DA:68,1
DA:73,1
DA:75,5
DA:77,2
DA:78,4
DA:80,1
DA:85,1
DA:86,2
DA:87,3
DA:89,2
DA:90,4
DA:92,1
LF:33
LH:33
end_of_record
SF:lib\data\datasources\movie_local_data_source.dart
DA:14,1
DA:17,1
DA:19,3
DA:22,2
DA:27,1
DA:29,3
DA:32,2
DA:37,1
DA:38,3
DA:40,1
DA:47,1
DA:48,3
DA:49,4
LF:13
LH:13
end_of_record
SF:lib\data\repositories\movie_repository_impl.dart
DA:15,1
DA:21,1
DA:23,3
DA:24,5
DA:25,1
DA:26,2
DA:27,1
DA:28,2
DA:33,1
DA:35,3
DA:36,2
DA:37,1
DA:38,2
DA:39,1
DA:40,2
DA:41,0
DA:42,0
DA:47,1
DA:49,3
DA:50,3
DA:51,1
DA:52,2
DA:53,1
DA:54,2
DA:55,0
DA:56,0
DA:61,1
DA:63,3
DA:64,5
DA:65,1
DA:66,2
DA:67,1
DA:68,2
DA:69,0
DA:70,0
DA:75,1
DA:77,3
DA:78,5
DA:79,1
DA:80,2
DA:81,1
DA:82,2
DA:83,0
DA:84,0
DA:89,1
DA:91,3
DA:92,5
DA:93,1
DA:94,2
DA:95,1
DA:96,2
DA:97,0
DA:98,0
DA:103,1
DA:106,4
DA:107,1
DA:108,1
DA:109,3
DA:116,1
DA:119,4
DA:120,1
DA:121,1
DA:122,3
DA:127,1
DA:128,3
DA:133,1
DA:134,3
DA:135,5
LF:68
LH:58
end_of_record
SF:lib\domain\usecases\get_watchlist_movies.dart
DA:6,1
DA:8,1
DA:9,2
LF:3
LH:3
end_of_record
SF:lib\domain\usecases\get_top_rated_movies.dart
DA:6,1
DA:8,1
DA:9,2
LF:3
LH:3
end_of_record
SF:lib\domain\usecases\get_popular_movies.dart
DA:6,1
DA:8,1
DA:9,2
LF:3
LH:3
end_of_record
SF:lib\domain\usecases\get_now_playing_movies.dart
DA:6,1
DA:8,1
DA:9,2
LF:3
LH:3
end_of_record
SF:lib\domain\usecases\get_movie_detail.dart
DA:6,1
DA:8,1
DA:9,2
LF:3
LH:3
end_of_record
SF:lib\domain\usecases\search_movies.dart
DA:6,1
DA:8,1
DA:9,2
LF:3
LH:3
end_of_record
SF:lib\domain\usecases\get_movie_recommendations.dart
DA:6,1
DA:8,1
DA:9,2
LF:3
LH:3
end_of_record
SF:lib\presentation\widgets\movie_card_list.dart
DA:6,1
DA:8,1
DA:10,1
DA:12,1
DA:13,0
DA:14,0
DA:17,0
DA:20,1
DA:22,1
DA:23,1
DA:24,1
DA:30,1
DA:32,1
DA:33,1
DA:34,2
DA:37,1
DA:39,1
DA:40,1
DA:41,2
DA:49,1
DA:54,1
DA:55,1
DA:56,3
DA:58,2
DA:59,1
DA:61,0
DA:63,2
LF:27
LH:23
end_of_record
SF:lib\presentation\pages\movies_page.dart
DA:4,0
DA:6,0
DA:8,0
DA:9,0
DA:11,0
DA:12,0
DA:14,0
DA:16,0
DA:17,0
DA:18,0
DA:19,0
DA:20,0
DA:22,0
DA:23,0
DA:25,0
DA:28,0
DA:30,0
DA:31,0
DA:33,0
DA:34,0
DA:35,0
DA:36,0
DA:37,0
DA:39,0
DA:40,0
DA:42,0
DA:45,0
DA:47,0
DA:48,0
DA:50,0
DA:51,0
DA:52,0
DA:53,0
DA:54,0
DA:56,0
DA:57,0
DA:59,0
DA:68,0
DA:69,0
DA:71,0
DA:72,0
DA:74,0
DA:76,0
DA:78,0
DA:80,0
DA:81,0
DA:93,0
DA:95,0
DA:97,0
DA:99,0
DA:101,0
DA:102,0
DA:103,0
DA:105,0
DA:106,0
DA:107,0
DA:110,0
DA:113,0
DA:114,0
DA:115,0
DA:116,0
DA:117,0
DA:118,0
DA:120,0
DA:126,0
LF:65
LH:0
end_of_record
SF:lib\presentation\pages\popular_movies_page.dart
DA:6,1
DA:7,1
DA:11,1
DA:13,1
DA:14,4
DA:17,1
DA:19,1
DA:20,1
DA:21,1
DA:23,1
DA:25,1
DA:26,1
DA:27,1
DA:28,1
DA:29,1
DA:31,1
DA:32,1
DA:33,0
DA:34,0
DA:35,0
DA:37,2
DA:39,1
DA:40,1
DA:41,1
DA:42,2
DA:45,0
LF:26
LH:22
end_of_record
SF:lib\presentation\pages\movie_detail_page.dart
DA:7,1
DA:9,1
DA:10,1
DA:14,1
DA:16,1
DA:17,2
DA:18,6
DA:19,2
DA:20,4
DA:21,2
DA:22,4
DA:26,1
DA:28,1
DA:29,1
DA:30,1
DA:31,1
DA:32,0
DA:33,0
DA:35,1
DA:36,1
DA:37,1
DA:38,1
DA:43,0
DA:53,1
DA:57,1
DA:59,3
DA:60,1
DA:61,1
DA:62,1
DA:63,3
DA:65,2
DA:66,1
DA:68,0
DA:70,1
DA:72,1
DA:73,1
DA:74,1
DA:75,1
DA:77,2
DA:84,1
DA:85,1
DA:86,1
DA:88,1
DA:90,1
DA:92,1
DA:93,1
DA:94,2
DA:95,1
DA:97,1
DA:99,1
DA:100,1
DA:101,1
DA:102,1
DA:103,1
DA:106,0
DA:107,0
DA:109,0
DA:110,0
DA:111,0
DA:115,1
DA:116,3
DA:117,1
DA:118,2
DA:119,1
DA:123,1
DA:125,1
DA:127,1
DA:128,1
DA:129,1
DA:134,0
DA:140,1
DA:141,3
DA:143,1
DA:144,3
DA:146,1
DA:147,1
DA:148,1
DA:149,3
DA:151,2
DA:157,4
DA:160,1
DA:161,1
DA:163,1
DA:165,1
DA:166,2
DA:168,1
DA:169,1
DA:171,1
DA:173,1
DA:175,1
DA:176,1
DA:177,0
DA:178,0
DA:181,1
DA:182,0
DA:184,1
DA:185,1
DA:187,1
DA:189,0
DA:190,0
DA:191,0
DA:193,0
DA:194,0
DA:195,0
DA:198,0
DA:201,0
DA:202,0
DA:203,0
DA:205,0
DA:207,0
DA:208,0
DA:209,0
DA:211,0
DA:214,0
DA:215,0
DA:221,2
DA:225,0
DA:232,1
DA:234,1
DA:249,1
DA:251,1
DA:254,1
DA:255,1
DA:256,0
DA:257,0
DA:266,1
DA:268,2
DA:269,3
DA:272,1
DA:276,3
DA:279,1
DA:280,1
DA:281,1
DA:283,1
DA:284,1
DA:286,0
LF:136
LH:102
end_of_record
SF:lib\presentation\pages\top_rated_movies_page.dart
DA:6,2
DA:7,2
DA:11,2
DA:13,2
DA:14,8
DA:17,2
DA:19,2
DA:20,2
DA:21,2
DA:23,2
DA:25,2
DA:26,2
DA:27,2
DA:28,1
DA:29,1
DA:31,2
DA:32,2
DA:33,1
DA:34,2
DA:35,1
DA:37,4
DA:39,1
DA:40,1
DA:41,1
DA:42,2
DA:45,0
LF:26
LH:25
end_of_record
SF:lib\presentation\bloc\movie_detail_state.dart
DA:4,2
DA:6,1
DA:7,1
DA:13,2
DA:15,1
DA:16,2
DA:25,1
DA:27,1
DA:28,2
LF:9
LH:9
end_of_record
SF:lib\presentation\bloc\movie_detail_event.dart
DA:4,2
DA:10,2
DA:12,0
DA:13,0
LF:4
LH:2
end_of_record
SF:lib\presentation\bloc\movie_detail_bloc.dart
DA:10,1
DA:12,2
DA:17,1
DA:18,1
DA:19,2
DA:21,4
DA:23,3
DA:24,3
DA:25,1
DA:26,2
DA:29,0
LF:11
LH:10
end_of_record
SF:lib\presentation\bloc\movie_search_state.dart
DA:4,1
DA:6,1
DA:7,1
DA:17,1
DA:19,1
DA:20,2
DA:26,1
DA:28,1
DA:29,2
LF:9
LH:9
end_of_record
SF:lib\presentation\bloc\movie_search_event.dart
DA:4,1
DA:10,1
DA:12,0
DA:13,0
LF:4
LH:2
end_of_record
SF:lib\presentation\bloc\movie_search_bloc.dart
DA:11,1
DA:12,2
DA:16,1
DA:25,1
DA:26,1
DA:30,1
DA:33,1
DA:34,1
DA:35,1
DA:36,0
DA:38,2
DA:40,3
DA:41,3
DA:42,3
DA:43,1
DA:44,2
DA:47,0
LF:17
LH:15
end_of_record
SF:lib\presentation\bloc\nowplayingmovies_state.dart
DA:4,1
DA:5,1
DA:11,1
DA:13,1
DA:14,2
DA:22,1
DA:24,1
DA:25,2
LF:8
LH:8
end_of_record
SF:lib\presentation\bloc\nowplayingmovies_event.dart
DA:4,1
DA:8,0
DA:9,0
LF:3
LH:1
end_of_record
SF:lib\presentation\bloc\nowplayingmovies_bloc.dart
DA:11,1
DA:13,2
DA:18,1
DA:20,1
DA:21,2
DA:23,3
DA:24,3
DA:25,3
DA:26,1
DA:27,2
DA:30,0
LF:11
LH:10
end_of_record
SF:lib\presentation\bloc\popularmovies_state.dart
DA:4,2
DA:6,1
DA:7,1
DA:13,2
DA:15,1
DA:16,2
DA:24,2
DA:26,1
DA:27,2
LF:9
LH:9
end_of_record
SF:lib\presentation\bloc\popularmovies_bloc.dart
DA:10,1
DA:11,2
DA:15,1
DA:16,1
DA:17,2
DA:19,3
DA:20,3
DA:21,3
DA:22,1
DA:23,2
DA:26,0
LF:11
LH:10
end_of_record
SF:lib\presentation\bloc\popularmovies_event.dart
DA:4,2
DA:8,0
DA:9,0
LF:3
LH:1
end_of_record
SF:lib\presentation\bloc\recommendations_movie_bloc.dart
DA:11,0
DA:13,0
DA:18,0
DA:20,0
DA:23,0
DA:25,0
DA:26,0
DA:27,0
DA:28,0
DA:31,0
LF:10
LH:0
end_of_record
SF:lib\presentation\bloc\recommendations_movie_state.dart
DA:4,1
DA:6,0
DA:7,0
DA:13,1
DA:15,0
DA:16,0
DA:24,0
DA:26,0
DA:27,0
LF:9
LH:2
end_of_record
SF:lib\presentation\bloc\recommendations_movie_event.dart
DA:4,1
DA:10,1
DA:12,0
DA:13,0
LF:4
LH:2
end_of_record
SF:lib\presentation\bloc\topratedmovies_bloc.dart
DA:11,1
DA:12,2
DA:17,1
DA:19,1
DA:20,2
DA:22,3
DA:23,3
DA:24,3
DA:25,1
DA:26,2
DA:29,0
LF:11
LH:10
end_of_record
SF:lib\presentation\bloc\topratedmovies_event.dart
DA:4,3
DA:8,0
DA:9,0
LF:3
LH:1
end_of_record
SF:lib\presentation\bloc\topratedmovies_state.dart
DA:4,3
DA:6,1
DA:7,1
DA:14,3
DA:16,1
DA:17,2
DA:25,2
DA:27,1
DA:28,2
LF:9
LH:9
end_of_record
SF:lib\presentation\bloc\watchlist_movies_state.dart
DA:4,2
DA:6,1
DA:7,1
DA:15,1
DA:17,1
DA:18,2
DA:24,1
DA:26,1
DA:27,2
DA:33,2
DA:35,1
DA:36,2
LF:12
LH:12
end_of_record
SF:lib\presentation\bloc\watchlist_movies_bloc.dart
DA:12,1
DA:17,2
DA:25,1
DA:28,1
DA:29,2
DA:31,3
DA:32,3
DA:33,3
DA:34,1
DA:35,2
DA:38,0
DA:40,1
DA:41,4
DA:43,3
DA:45,3
DA:46,2
DA:49,5
DA:50,2
DA:51,1
DA:53,4
DA:55,3
DA:56,3
DA:57,2
DA:60,5
DA:61,2
DA:63,1
DA:64,4
DA:65,2
LF:28
LH:27
end_of_record
SF:lib\presentation\bloc\watchlist_movies_event.dart
DA:4,2
DA:6,0
DA:7,0
DA:11,0
DA:12,0
DA:18,2
DA:20,0
DA:21,0
DA:27,1
DA:29,0
DA:30,0
DA:36,2
DA:38,0
DA:39,0
LF:14
LH:4
end_of_record
