SF:lib\common\exception.dart
DA:6,4
LF:1
LH:1
end_of_record
SF:lib\data\datasources\movie_local_data_source.dart
DA:15,1
DA:18,1
DA:20,3
DA:23,2
DA:28,1
DA:30,3
DA:33,2
DA:38,1
DA:39,3
DA:41,1
DA:48,1
DA:49,3
DA:50,4
LF:13
LH:13
end_of_record
SF:lib\data\models\movie_table.dart
DA:12,3
DA:20,2
DA:21,1
DA:22,1
DA:23,1
DA:24,1
DA:28,2
DA:29,1
DA:30,1
DA:31,1
DA:32,1
DA:33,1
DA:36,2
DA:37,1
DA:38,1
DA:39,1
DA:40,1
DA:41,1
DA:44,2
DA:45,1
DA:46,1
DA:47,1
DA:48,1
DA:51,2
DA:52,2
DA:53,2
DA:54,2
DA:55,2
DA:56,2
DA:57,2
LF:30
LH:30
end_of_record
SF:lib\data\models\tv_series_tabel.dart
DA:12,3
DA:20,2
DA:21,1
DA:22,1
DA:23,1
DA:24,1
DA:28,2
DA:29,1
DA:30,1
DA:31,1
DA:32,1
DA:33,1
DA:36,2
DA:37,1
DA:38,1
DA:39,1
DA:40,1
DA:41,1
DA:44,2
DA:45,1
DA:46,1
DA:47,1
DA:48,1
DA:50,2
DA:51,2
DA:52,2
DA:53,2
DA:54,2
DA:55,2
DA:56,2
LF:30
LH:30
end_of_record
SF:lib\domain\entities\episode.dart
DA:4,11
DA:28,4
DA:29,2
DA:30,2
DA:31,2
DA:32,2
DA:33,2
DA:34,2
DA:35,2
DA:36,2
DA:37,2
DA:38,2
DA:41,3
DA:42,3
DA:43,3
DA:44,3
DA:45,3
DA:46,3
DA:47,3
DA:48,3
DA:49,3
DA:50,3
DA:51,3
DA:52,3
LF:24
LH:24
end_of_record
SF:lib\domain\entities\genre.dart
DA:4,14
DA:12,4
DA:13,12
LF:3
LH:3
end_of_record
SF:lib\domain\entities\movie.dart
DA:4,14
DA:20,2
DA:41,7
DA:42,7
DA:43,7
DA:44,7
DA:45,7
DA:46,7
DA:47,7
DA:48,7
DA:49,7
DA:50,7
DA:51,7
DA:52,7
DA:53,7
DA:54,7
DA:55,7
LF:17
LH:17
end_of_record
SF:lib\domain\entities\movie_detail.dart
DA:5,8
DA:33,2
DA:34,2
DA:35,2
DA:36,2
DA:37,2
DA:38,2
DA:39,2
DA:40,2
DA:41,2
DA:42,2
DA:43,2
DA:44,2
DA:45,2
LF:14
LH:14
end_of_record
SF:lib\domain\entities\season.dart
DA:5,8
DA:25,2
DA:26,2
DA:27,2
DA:28,2
DA:29,2
DA:30,2
DA:31,2
DA:32,2
DA:33,2
DA:34,2
LF:11
LH:11
end_of_record
SF:lib\domain\entities\tv_series.dart
DA:4,14
DA:20,2
DA:41,7
DA:42,7
DA:43,7
DA:44,7
DA:45,7
DA:46,7
DA:47,7
DA:48,7
DA:49,7
DA:50,7
DA:51,7
DA:52,7
DA:53,7
DA:54,7
DA:55,7
LF:17
LH:17
end_of_record
SF:lib\domain\entities\tv_series_detail.dart
DA:6,8
DA:32,2
DA:33,2
DA:34,2
DA:35,2
DA:36,2
DA:37,2
DA:38,2
DA:39,2
DA:40,2
DA:41,2
DA:42,2
DA:43,2
DA:44,2
LF:14
LH:14
end_of_record
SF:lib\common\failure.dart
DA:6,26
DA:8,2
DA:9,4
DA:13,48
DA:17,4
DA:21,12
DA:25,0
LF:7
LH:6
end_of_record
SF:lib\data\datasources\db\database_helper.dart
DA:9,0
DA:13,0
DA:17,0
DA:19,0
DA:28,0
DA:29,0
DA:30,0
DA:32,0
DA:36,0
DA:37,0
DA:46,0
DA:49,0
DA:51,0
DA:53,0
DA:55,0
DA:59,0
DA:61,0
DA:63,0
DA:66,0
DA:69,0
DA:72,0
DA:77,0
DA:78,0
DA:79,0
DA:82,0
DA:85,0
DA:86,0
DA:92,0
DA:93,0
DA:94,0
DA:97,0
DA:100,0
DA:101,0
DA:107,0
DA:108,0
DA:109,0
DA:112,0
DA:118,0
DA:119,0
DA:120,0
DA:123,0
LF:41
LH:0
end_of_record
SF:lib\data\datasources\movie_remote_data_source.dart
DA:27,1
DA:30,1
DA:32,5
DA:34,2
DA:35,4
DA:37,1
DA:42,1
DA:44,5
DA:46,2
DA:47,3
DA:49,1
DA:54,1
DA:55,2
DA:56,3
DA:58,2
DA:59,4
DA:61,1
DA:66,1
DA:68,5
DA:70,2
DA:71,4
DA:73,1
DA:78,1
DA:80,5
DA:82,2
DA:83,4
DA:85,1
DA:90,1
DA:91,2
DA:92,3
DA:94,2
DA:95,4
DA:97,1
LF:33
LH:33
end_of_record
SF:lib\data\datasources\tv_series_local_data_source.dart
DA:15,1
DA:18,1
DA:20,3
DA:23,2
DA:28,1
DA:30,3
DA:33,2
DA:38,1
DA:39,3
DA:41,1
DA:48,1
DA:49,3
DA:50,4
LF:13
LH:13
end_of_record
SF:lib\data\datasources\tv_series_remote_data_source.dart
DA:30,1
DA:33,1
DA:35,5
DA:36,2
DA:37,4
DA:39,1
DA:44,1
DA:46,5
DA:47,2
DA:48,4
DA:50,1
DA:55,1
DA:57,5
DA:58,2
DA:59,4
DA:61,1
DA:66,1
DA:67,2
DA:68,3
DA:69,2
DA:70,4
DA:72,1
DA:77,1
DA:79,5
DA:80,2
DA:81,1
DA:82,2
DA:84,1
DA:89,1
DA:90,2
DA:91,3
DA:92,2
DA:93,4
DA:95,1
DA:100,1
DA:102,3
DA:103,2
DA:104,2
DA:105,3
DA:106,1
DA:108,1
LF:41
LH:41
end_of_record
SF:lib\data\models\episode_model.dart
DA:5,4
DA:29,2
DA:30,1
DA:31,1
DA:32,1
DA:33,1
DA:34,1
DA:35,1
DA:36,1
DA:37,1
DA:38,2
DA:39,1
DA:42,2
DA:43,1
DA:44,1
DA:45,1
DA:46,1
DA:47,1
DA:48,1
DA:49,1
DA:50,1
DA:51,1
DA:52,1
DA:55,1
DA:56,1
DA:57,1
DA:58,1
DA:59,1
DA:60,1
DA:61,1
DA:62,1
DA:63,1
DA:64,1
DA:65,1
DA:66,1
DA:70,2
DA:71,2
DA:72,2
DA:73,2
DA:74,2
DA:75,2
DA:76,2
DA:77,2
DA:78,2
DA:79,2
DA:80,2
DA:81,2
LF:47
LH:47
end_of_record
SF:lib\data\models\movie_detail_model.dart
DA:7,3
DA:53,1
DA:54,1
DA:55,1
DA:56,1
DA:57,1
DA:58,1
DA:59,4
DA:60,1
DA:61,1
DA:62,1
DA:63,1
DA:64,1
DA:65,1
DA:66,2
DA:67,1
DA:68,1
DA:69,1
DA:70,1
DA:71,1
DA:72,1
DA:73,1
DA:74,1
DA:75,2
DA:76,1
DA:79,2
DA:80,1
DA:81,1
DA:82,1
DA:83,5
DA:84,1
DA:85,1
DA:86,1
DA:87,1
DA:88,1
DA:89,1
DA:90,1
DA:91,1
DA:92,1
DA:93,1
DA:94,1
DA:95,1
DA:96,1
DA:97,1
DA:98,1
DA:99,1
DA:100,1
DA:103,1
DA:104,1
DA:105,1
DA:106,1
DA:107,5
DA:108,1
DA:109,1
DA:110,1
DA:111,1
DA:112,1
DA:113,1
DA:114,1
DA:115,1
DA:116,1
DA:120,0
DA:121,0
DA:122,0
DA:123,0
DA:124,0
DA:125,0
DA:130,1
DA:131,1
DA:132,1
DA:133,1
DA:134,1
DA:135,1
DA:136,1
DA:137,1
DA:138,1
DA:139,1
DA:140,1
DA:141,1
DA:142,1
DA:143,1
DA:144,1
DA:145,1
DA:146,1
DA:147,1
DA:148,1
DA:149,1
DA:150,1
DA:151,1
DA:152,1
LF:90
LH:84
end_of_record
SF:lib\data\models\movie_model.dart
DA:5,4
DA:35,4
DA:36,2
DA:37,2
DA:38,8
DA:39,2
DA:40,2
DA:41,2
DA:42,4
DA:43,2
DA:44,2
DA:45,2
DA:46,2
DA:47,4
DA:48,2
DA:51,2
DA:52,1
DA:53,1
DA:54,4
DA:55,1
DA:56,1
DA:57,1
DA:58,1
DA:59,1
DA:60,1
DA:61,1
DA:62,1
DA:63,1
DA:64,1
DA:67,2
DA:68,2
DA:69,2
DA:70,2
DA:71,2
DA:72,2
DA:73,2
DA:74,2
DA:75,2
DA:76,2
DA:77,2
DA:78,2
DA:79,2
DA:80,2
DA:81,2
DA:85,2
DA:86,2
DA:87,2
DA:88,2
DA:89,2
DA:90,2
DA:91,2
DA:92,2
DA:93,2
DA:94,2
DA:95,2
DA:96,2
DA:97,2
DA:98,2
DA:99,2
LF:59
LH:59
end_of_record
SF:lib\data\models\tv_series_detail_model.dart
DA:12,3
DA:78,1
DA:79,1
DA:80,1
DA:81,1
DA:82,4
DA:83,4
DA:84,2
DA:85,1
DA:86,4
DA:87,1
DA:88,1
DA:89,1
DA:90,4
DA:91,2
DA:93,2
DA:94,1
DA:95,1
DA:96,1
DA:97,4
DA:98,1
DA:99,1
DA:100,4
DA:101,1
DA:102,1
DA:103,1
DA:104,2
DA:105,1
DA:106,1
DA:107,1
DA:108,3
DA:109,1
DA:110,1
DA:111,3
DA:112,1
DA:113,4
DA:114,2
DA:115,3
DA:116,1
DA:117,1
DA:118,1
DA:119,2
DA:120,1
DA:123,2
DA:124,1
DA:125,5
DA:126,4
DA:128,13
DA:129,5
DA:130,1
DA:131,1
DA:132,1
DA:133,4
DA:135,13
DA:136,2
DA:137,1
DA:138,1
DA:139,5
DA:140,1
DA:141,1
DA:142,4
DA:143,1
DA:144,1
DA:145,1
DA:146,1
DA:147,1
DA:149,5
DA:151,5
DA:152,5
DA:154,5
DA:155,1
DA:156,1
DA:157,1
DA:158,1
DA:159,1
DA:162,1
DA:163,1
DA:164,1
DA:165,1
DA:166,5
DA:167,1
DA:168,1
DA:169,1
DA:170,1
DA:171,1
DA:172,5
DA:173,1
DA:174,1
DA:178,1
DA:179,1
DA:180,1
DA:181,1
DA:182,1
DA:183,1
DA:184,1
DA:185,1
DA:186,1
DA:187,1
DA:188,1
DA:189,1
DA:190,1
DA:191,1
DA:192,1
DA:193,1
DA:194,1
DA:195,1
DA:196,1
DA:197,1
DA:198,1
DA:199,1
DA:200,1
DA:201,1
DA:202,1
DA:203,1
DA:204,1
DA:205,1
DA:206,1
DA:207,1
DA:208,1
DA:209,1
DA:210,1
LF:121
LH:121
end_of_record
SF:lib\data\models\tv_series_model.dart
DA:5,4
DA:34,4
DA:35,2
DA:36,4
DA:37,2
DA:38,2
DA:39,4
DA:40,2
DA:41,2
DA:42,8
DA:43,8
DA:44,2
DA:45,2
DA:46,2
DA:47,2
DA:50,2
DA:51,1
DA:52,1
DA:53,1
DA:54,1
DA:55,1
DA:56,1
DA:57,1
DA:58,1
DA:59,1
DA:60,1
DA:61,1
DA:62,1
DA:63,1
DA:66,2
DA:67,2
DA:68,2
DA:69,2
DA:70,2
DA:71,2
DA:72,2
DA:73,2
DA:74,2
DA:75,2
DA:76,2
DA:77,2
DA:78,2
DA:79,2
DA:80,2
DA:84,2
DA:85,2
DA:86,2
DA:87,2
DA:88,2
DA:89,2
DA:90,2
DA:91,2
DA:92,2
DA:93,2
DA:94,2
DA:95,2
DA:96,2
DA:97,2
DA:98,2
LF:59
LH:59
end_of_record
SF:lib\data\models\movie_response.dart
DA:7,2
DA:9,4
DA:10,4
DA:11,6
DA:12,6
DA:15,2
DA:16,5
DA:19,1
DA:20,2
LF:9
LH:9
end_of_record
SF:lib\data\models\season_detail_model.dart
DA:6,3
DA:12,1
DA:13,1
DA:14,1
DA:15,4
DA:18,2
DA:19,5
DA:22,1
DA:23,1
DA:24,5
DA:28,1
DA:29,2
LF:12
LH:12
end_of_record
SF:lib\data\models\tv_series_response.dart
DA:7,2
DA:9,2
DA:10,2
DA:11,4
DA:12,6
DA:13,6
DA:16,2
DA:17,5
DA:19,1
DA:20,2
LF:10
LH:10
end_of_record
SF:lib\data\models\created_by_model.dart
DA:4,4
DA:18,2
DA:19,1
DA:20,1
DA:21,1
DA:22,1
DA:23,1
DA:26,4
DA:27,2
DA:28,2
DA:29,2
DA:30,2
DA:31,2
DA:34,1
DA:35,1
DA:36,1
DA:37,1
DA:38,1
DA:39,1
DA:40,1
LF:20
LH:20
end_of_record
SF:lib\data\models\genre_model.dart
DA:5,7
DA:13,4
DA:14,2
DA:15,2
DA:18,6
DA:19,3
DA:20,3
DA:23,2
DA:24,6
DA:27,2
DA:28,6
LF:11
LH:11
end_of_record
SF:lib\data\models\last_episode_to_air_model.dart
DA:4,3
DA:28,1
DA:29,1
DA:30,2
DA:31,1
DA:32,1
DA:33,1
DA:34,1
DA:35,1
DA:36,1
DA:37,1
DA:38,2
DA:39,1
DA:42,2
DA:44,13
DA:45,1
DA:46,1
DA:47,1
DA:48,1
DA:49,1
DA:50,1
DA:51,1
DA:52,1
DA:53,1
DA:56,1
DA:57,1
DA:58,1
DA:59,1
DA:60,1
DA:61,1
DA:62,1
DA:63,1
DA:64,1
DA:65,1
DA:66,1
DA:67,1
LF:36
LH:36
end_of_record
SF:lib\data\models\network_model.dart
DA:4,4
DA:16,2
DA:17,1
DA:18,1
DA:19,1
DA:20,1
DA:23,4
DA:24,2
DA:25,2
DA:26,2
DA:27,2
DA:30,1
DA:31,1
DA:32,1
DA:33,1
DA:34,1
DA:35,1
LF:17
LH:17
end_of_record
SF:lib\data\models\production_model.dart
DA:4,4
DA:16,1
DA:17,1
DA:18,1
DA:19,1
DA:20,1
DA:21,1
DA:24,4
DA:25,2
DA:26,2
DA:27,2
DA:28,2
DA:31,1
DA:32,1
DA:33,1
DA:34,1
DA:35,1
DA:36,1
DA:41,3
DA:49,1
DA:50,1
DA:51,1
DA:52,1
DA:55,2
DA:56,1
DA:57,1
DA:60,1
DA:61,1
DA:62,1
DA:63,1
LF:30
LH:30
end_of_record
SF:lib\domain\entities\season_detail.dart
DA:5,2
DA:11,2
DA:12,5
DA:15,1
DA:16,2
LF:5
LH:5
end_of_record
SF:lib\data\models\season_model.dart
DA:6,4
DA:26,2
DA:27,1
DA:28,1
DA:29,1
DA:30,1
DA:31,1
DA:32,1
DA:33,1
DA:36,4
DA:37,2
DA:38,2
DA:39,2
DA:40,2
DA:41,2
DA:42,2
DA:43,2
DA:46,1
DA:47,1
DA:48,1
DA:49,1
DA:50,1
DA:51,1
DA:52,1
DA:53,1
DA:54,1
DA:58,1
DA:59,1
DA:60,1
DA:61,1
DA:62,1
DA:63,1
DA:64,1
DA:65,1
DA:66,1
DA:67,1
LF:36
LH:36
end_of_record
SF:lib\data\models\spoken_language_model.dart
DA:4,4
DA:14,1
DA:15,1
DA:16,1
DA:17,1
DA:18,1
DA:21,4
DA:22,2
DA:23,2
DA:24,2
DA:27,1
DA:28,1
DA:29,1
DA:30,1
DA:31,1
LF:15
LH:15
end_of_record
SF:lib\data\repositories\movie_repository_impl.dart
DA:17,1
DA:23,1
DA:25,3
DA:26,5
DA:27,1
DA:28,2
DA:29,1
DA:30,2
DA:35,1
DA:37,3
DA:38,2
DA:39,1
DA:40,2
DA:41,1
DA:42,2
DA:43,0
DA:44,0
DA:49,1
DA:51,3
DA:52,3
DA:53,1
DA:54,2
DA:55,1
DA:56,2
DA:57,0
DA:58,0
DA:63,1
DA:65,3
DA:66,5
DA:67,1
DA:68,2
DA:69,1
DA:70,2
DA:71,0
DA:72,0
DA:77,1
DA:79,3
DA:80,5
DA:81,1
DA:82,2
DA:83,1
DA:84,2
DA:85,0
DA:86,0
DA:91,1
DA:93,3
DA:94,5
DA:95,1
DA:96,2
DA:97,1
DA:98,2
DA:99,0
DA:100,0
DA:105,1
DA:108,4
DA:109,1
DA:110,1
DA:111,3
DA:118,1
DA:121,4
DA:122,1
DA:123,1
DA:124,3
DA:129,1
DA:130,3
DA:135,1
DA:136,3
DA:137,5
LF:68
LH:58
end_of_record
SF:lib\data\repositories\tv_series_repository_impl.dart
DA:18,1
DA:24,1
DA:26,3
DA:27,5
DA:28,1
DA:29,2
DA:30,1
DA:31,2
DA:32,0
DA:33,0
DA:38,1
DA:40,3
DA:41,5
DA:42,1
DA:43,2
DA:44,1
DA:45,2
DA:46,0
DA:47,0
DA:52,1
DA:54,3
DA:55,5
DA:56,1
DA:57,2
DA:58,1
DA:59,2
DA:60,0
DA:61,0
DA:66,1
DA:68,3
DA:69,5
DA:70,1
DA:71,2
DA:72,1
DA:73,2
DA:74,0
DA:75,0
DA:80,1
DA:82,3
DA:83,2
DA:84,1
DA:85,2
DA:86,1
DA:87,2
DA:88,0
DA:89,0
DA:94,1
DA:97,3
DA:98,3
DA:99,1
DA:100,2
DA:101,1
DA:102,2
DA:103,0
DA:104,0
DA:109,1
DA:113,3
DA:114,3
DA:115,1
DA:116,2
DA:117,1
DA:118,2
DA:119,0
DA:120,0
DA:125,1
DA:127,2
DA:128,2
DA:129,1
DA:130,1
DA:131,3
DA:138,1
DA:141,2
DA:142,2
DA:143,1
DA:144,1
DA:145,3
DA:150,1
DA:151,3
DA:152,5
DA:156,1
DA:157,3
LF:81
LH:67
end_of_record
SF:lib\domain\entities\created_by.dart
DA:4,1
DA:18,2
DA:19,1
DA:20,1
DA:21,1
DA:22,1
DA:23,1
DA:26,1
DA:27,1
DA:28,1
DA:29,1
DA:30,1
DA:31,1
DA:32,1
LF:14
LH:14
end_of_record
SF:lib\domain\usecases\get_movie_detail.dart
DA:9,1
DA:11,1
DA:12,2
LF:3
LH:3
end_of_record
SF:lib\domain\usecases\get_movie_recommendations.dart
DA:9,1
DA:11,1
DA:12,2
LF:3
LH:3
end_of_record
SF:lib\domain\usecases\get_now_playing_movies.dart
DA:9,1
DA:11,1
DA:12,2
LF:3
LH:3
end_of_record
SF:lib\domain\usecases\get_on_the_air_tv_series.dart
DA:9,1
DA:11,1
DA:12,2
LF:3
LH:3
end_of_record
SF:lib\domain\usecases\get_popular_movies.dart
DA:9,1
DA:11,1
DA:12,2
LF:3
LH:3
end_of_record
SF:lib\domain\usecases\get_popular_tv_series.dart
DA:9,1
DA:11,1
DA:12,2
LF:3
LH:3
end_of_record
SF:lib\domain\usecases\get_season_detail.dart
DA:9,1
DA:11,1
DA:13,2
LF:3
LH:3
end_of_record
SF:lib\domain\usecases\get_top_rated_movies.dart
DA:9,1
DA:11,1
DA:12,2
LF:3
LH:3
end_of_record
SF:lib\domain\usecases\get_top_rated_tv_series.dart
DA:9,1
DA:11,1
DA:12,2
LF:3
LH:3
end_of_record
SF:lib\domain\usecases\get_tv_series_detail.dart
DA:9,1
DA:11,1
DA:12,2
LF:3
LH:3
end_of_record
SF:lib\domain\usecases\get_tv_series_recommendations.dart
DA:9,1
DA:11,1
DA:12,2
LF:3
LH:3
end_of_record
SF:lib\domain\usecases\get_watchlist_movies.dart
DA:9,1
DA:11,1
DA:12,2
LF:3
LH:3
end_of_record
SF:lib\domain\usecases\get_watchlist_status.dart
DA:8,1
DA:13,1
DA:14,2
DA:17,1
DA:18,2
LF:5
LH:5
end_of_record
SF:lib\domain\usecases\get_watchlist_tv_series.dart
DA:9,1
DA:11,1
DA:12,2
LF:3
LH:3
end_of_record
SF:lib\domain\usecases\remove_watchlist.dart
DA:12,1
DA:17,1
DA:18,2
DA:21,1
DA:22,2
LF:5
LH:5
end_of_record
SF:lib\domain\usecases\save_watchlist.dart
DA:12,1
DA:17,1
DA:18,2
DA:21,1
DA:22,2
LF:5
LH:5
end_of_record
SF:lib\domain\usecases\search_movies.dart
DA:9,1
DA:11,1
DA:12,2
LF:3
LH:3
end_of_record
SF:lib\domain\usecases\search_tv_series.dart
DA:9,1
DA:11,1
DA:12,2
LF:3
LH:3
end_of_record
SF:lib\presentation\bloc\movie_detail_state.dart
DA:4,2
DA:6,1
DA:7,1
DA:13,2
DA:15,1
DA:16,2
DA:25,1
DA:27,1
DA:28,2
LF:9
LH:9
end_of_record
SF:lib\presentation\bloc\movie_detail_event.dart
DA:4,2
DA:10,2
DA:12,0
DA:13,0
LF:4
LH:2
end_of_record
SF:lib\presentation\bloc\movie_detail_bloc.dart
DA:10,1
DA:12,2
DA:17,1
DA:18,1
DA:19,2
DA:21,4
DA:23,3
DA:24,3
DA:25,1
DA:26,2
DA:29,0
LF:11
LH:10
end_of_record
SF:lib\presentation\bloc\movie_search_state.dart
DA:4,1
DA:6,1
DA:7,1
DA:17,1
DA:19,1
DA:20,2
DA:26,1
DA:28,1
DA:29,2
LF:9
LH:9
end_of_record
SF:lib\presentation\bloc\movie_search_event.dart
DA:4,1
DA:10,1
DA:12,0
DA:13,0
LF:4
LH:2
end_of_record
SF:lib\presentation\bloc\movie_search_bloc.dart
DA:11,1
DA:12,2
DA:16,1
DA:25,1
DA:26,1
DA:30,1
DA:33,1
DA:34,1
DA:35,1
DA:36,0
DA:38,2
DA:40,3
DA:41,3
DA:42,3
DA:43,1
DA:44,2
DA:47,0
LF:17
LH:15
end_of_record
SF:lib\presentation\bloc\nowplayingmovies_state.dart
DA:4,1
DA:5,1
DA:11,1
DA:13,1
DA:14,2
DA:22,1
DA:24,1
DA:25,2
LF:8
LH:8
end_of_record
SF:lib\presentation\bloc\nowplayingmovies_event.dart
DA:4,1
DA:8,0
DA:9,0
LF:3
LH:1
end_of_record
SF:lib\presentation\bloc\nowplayingmovies_bloc.dart
DA:11,1
DA:13,2
DA:18,1
DA:20,1
DA:21,2
DA:23,3
DA:24,3
DA:25,3
DA:26,1
DA:27,2
DA:30,0
LF:11
LH:10
end_of_record
SF:lib\presentation\bloc\ontheairtvseries_event.dart
DA:4,1
DA:8,0
DA:9,0
LF:3
LH:1
end_of_record
SF:lib\presentation\bloc\ontheairtvseries_state.dart
DA:4,1
DA:6,1
DA:7,1
DA:13,1
DA:15,1
DA:16,2
DA:24,1
DA:26,1
DA:27,2
LF:9
LH:9
end_of_record
SF:lib\presentation\bloc\ontheairtvseries_bloc.dart
DA:11,1
DA:12,2
DA:17,1
DA:19,1
DA:20,2
DA:22,3
DA:23,3
DA:24,3
DA:25,1
DA:26,2
DA:29,0
LF:11
LH:10
end_of_record
SF:lib\presentation\bloc\popularmovies_state.dart
DA:4,2
DA:6,1
DA:7,1
DA:13,2
DA:15,1
DA:16,2
DA:24,2
DA:26,1
DA:27,2
LF:9
LH:9
end_of_record
SF:lib\presentation\bloc\popularmovies_bloc.dart
DA:10,1
DA:11,2
DA:15,1
DA:16,1
DA:17,2
DA:19,3
DA:20,3
DA:21,3
DA:22,1
DA:23,2
DA:26,0
LF:11
LH:10
end_of_record
SF:lib\presentation\bloc\popularmovies_event.dart
DA:4,2
DA:8,0
DA:9,0
LF:3
LH:1
end_of_record
SF:lib\presentation\bloc\populartvseries_state.dart
DA:4,2
DA:6,1
DA:7,1
DA:13,2
DA:15,1
DA:16,2
DA:24,2
DA:26,1
DA:27,2
LF:9
LH:9
end_of_record
SF:lib\presentation\bloc\populartvseries_bloc.dart
DA:11,1
DA:12,2
DA:17,1
DA:19,1
DA:20,2
DA:22,3
DA:23,3
DA:24,3
DA:25,1
DA:26,2
DA:29,0
LF:11
LH:10
end_of_record
SF:lib\presentation\bloc\populartvseries_event.dart
DA:4,2
DA:6,0
DA:7,0
DA:11,0
DA:12,0
LF:5
LH:1
end_of_record
SF:lib\presentation\bloc\topratedmovies_bloc.dart
DA:11,1
DA:12,2
DA:17,1
DA:19,1
DA:20,2
DA:22,3
DA:23,3
DA:24,3
DA:25,1
DA:26,2
DA:29,0
LF:11
LH:10
end_of_record
SF:lib\presentation\bloc\topratedmovies_event.dart
DA:4,3
DA:8,0
DA:9,0
LF:3
LH:1
end_of_record
SF:lib\presentation\bloc\topratedmovies_state.dart
DA:4,3
DA:6,1
DA:7,1
DA:14,3
DA:16,1
DA:17,2
DA:25,2
DA:27,1
DA:28,2
LF:9
LH:9
end_of_record
SF:lib\presentation\bloc\topratedtvseries_event.dart
DA:4,3
DA:9,0
DA:10,0
LF:3
LH:1
end_of_record
SF:lib\presentation\bloc\topratedtvseries_state.dart
DA:4,3
DA:6,1
DA:7,1
DA:13,3
DA:15,1
DA:16,2
DA:24,2
DA:26,1
DA:27,2
LF:9
LH:9
end_of_record
SF:lib\presentation\bloc\topratedtvseries_bloc.dart
DA:11,1
DA:12,2
DA:17,1
DA:19,1
DA:20,2
DA:22,3
DA:23,3
DA:24,3
DA:25,1
DA:26,2
DA:29,0
LF:11
LH:10
end_of_record
SF:lib\presentation\bloc\tv_series_detail_bloc.dart
DA:12,1
DA:15,2
DA:21,1
DA:24,1
DA:25,2
DA:27,4
DA:29,3
DA:30,3
DA:31,1
DA:33,4
DA:34,3
DA:35,4
DA:37,3
DA:38,3
DA:42,2
DA:45,0
LF:16
LH:15
end_of_record
SF:lib\presentation\bloc\tv_series_detail_state.dart
DA:4,2
DA:6,1
DA:7,1
DA:13,2
DA:15,1
DA:16,2
DA:24,1
DA:26,1
DA:27,2
LF:9
LH:9
end_of_record
SF:lib\presentation\bloc\tv_series_detail_event.dart
DA:4,2
DA:10,2
DA:12,0
DA:13,0
LF:4
LH:2
end_of_record
SF:lib\presentation\bloc\tv_series_search_state.dart
DA:4,1
DA:6,1
DA:7,1
DA:17,1
DA:19,1
DA:20,2
DA:26,1
DA:28,1
DA:29,2
LF:9
LH:9
end_of_record
SF:lib\presentation\bloc\tv_series_search_event.dart
DA:4,1
DA:10,1
DA:12,0
DA:13,0
LF:4
LH:2
end_of_record
SF:lib\presentation\bloc\tv_series_search_bloc.dart
DA:12,1
DA:13,2
DA:17,1
DA:26,1
DA:27,1
DA:31,1
DA:34,1
DA:35,1
DA:36,1
DA:37,0
DA:39,2
DA:41,3
DA:42,3
DA:43,3
DA:44,1
DA:45,2
DA:48,0
LF:17
LH:15
end_of_record
SF:lib\presentation\bloc\watchlist_movies_state.dart
DA:4,2
DA:6,1
DA:7,1
DA:15,1
DA:17,1
DA:18,2
DA:24,1
DA:26,1
DA:27,2
DA:33,2
DA:35,1
DA:36,2
LF:12
LH:12
end_of_record
SF:lib\presentation\bloc\watchlist_movies_bloc.dart
DA:15,1
DA:20,2
DA:28,1
DA:31,1
DA:32,2
DA:34,3
DA:35,3
DA:36,3
DA:37,1
DA:38,2
DA:41,0
DA:43,1
DA:44,4
DA:46,3
DA:48,3
DA:49,2
DA:52,5
DA:53,2
DA:54,1
DA:56,4
DA:58,3
DA:59,3
DA:60,2
DA:63,5
DA:64,2
DA:66,1
DA:67,4
DA:68,2
LF:28
LH:27
end_of_record
SF:lib\presentation\bloc\watchlist_movies_event.dart
DA:4,2
DA:6,0
DA:7,0
DA:11,0
DA:12,0
DA:18,2
DA:20,0
DA:21,0
DA:27,1
DA:29,0
DA:30,0
DA:36,2
DA:38,0
DA:39,0
LF:14
LH:4
end_of_record
SF:lib\presentation\bloc\watchlist_tv_series_state.dart
DA:4,2
DA:6,1
DA:7,1
DA:15,1
DA:17,1
DA:18,2
DA:24,1
DA:26,1
DA:27,2
DA:33,2
DA:35,1
DA:36,2
LF:12
LH:12
end_of_record
SF:lib\presentation\bloc\watchlist_tv_series_event.dart
DA:4,2
DA:6,0
DA:7,0
DA:11,0
DA:12,0
DA:18,2
DA:20,0
DA:21,0
DA:27,1
DA:29,0
DA:30,0
DA:36,2
DA:38,0
DA:39,0
LF:14
LH:4
end_of_record
SF:lib\presentation\bloc\watchlist_tv_series_bloc.dart
DA:15,1
DA:20,2
DA:28,1
DA:31,1
DA:32,2
DA:34,3
DA:35,3
DA:36,3
DA:37,1
DA:38,2
DA:41,0
DA:43,1
DA:44,4
DA:46,3
DA:48,3
DA:49,2
DA:52,5
DA:53,2
DA:54,1
DA:56,4
DA:58,3
DA:59,3
DA:60,2
DA:63,5
DA:64,2
DA:66,1
DA:67,4
DA:68,2
LF:28
LH:27
end_of_record
SF:lib\presentation\pages\about_page.dart
DA:7,1
DA:9,1
DA:10,1
DA:11,1
DA:12,1
DA:13,1
DA:14,1
DA:15,1
DA:17,1
DA:18,1
DA:25,1
DA:26,1
DA:29,1
DA:31,1
DA:38,1
DA:39,1
DA:40,0
DA:41,1
LF:18
LH:17
end_of_record
SF:lib\common\constants.dart
DA:15,4
DA:16,2
DA:17,12
DA:19,0
DA:21,0
DA:25,0
LF:6
LH:3
end_of_record
SF:lib\presentation\bloc\recommendations_movie_bloc.dart
DA:11,0
DA:13,0
DA:18,0
DA:20,0
DA:23,0
DA:25,0
DA:26,0
DA:27,0
DA:28,0
DA:31,0
LF:10
LH:0
end_of_record
SF:lib\presentation\bloc\recommendations_movie_state.dart
DA:4,1
DA:6,0
DA:7,0
DA:13,1
DA:15,0
DA:16,0
DA:24,0
DA:26,0
DA:27,0
LF:9
LH:2
end_of_record
SF:lib\presentation\bloc\recommendations_movie_event.dart
DA:4,1
DA:10,1
DA:12,0
DA:13,0
LF:4
LH:2
end_of_record
SF:lib\presentation\pages\movie_detail_page.dart
DA:18,1
DA:20,1
DA:21,1
DA:25,1
DA:27,1
DA:28,2
DA:29,6
DA:30,6
DA:31,2
DA:32,4
DA:36,1
DA:38,1
DA:39,1
DA:40,1
DA:41,1
DA:42,0
DA:43,0
DA:45,1
DA:46,1
DA:47,1
DA:48,1
DA:53,0
DA:63,1
DA:67,1
DA:69,3
DA:70,1
DA:71,1
DA:72,1
DA:73,3
DA:75,2
DA:76,1
DA:78,0
DA:80,1
DA:82,1
DA:83,1
DA:84,1
DA:85,1
DA:87,2
DA:94,1
DA:95,1
DA:96,1
DA:98,1
DA:100,1
DA:102,1
DA:103,1
DA:104,2
DA:105,1
DA:107,1
DA:109,1
DA:110,1
DA:111,1
DA:112,1
DA:113,1
DA:116,0
DA:117,0
DA:119,0
DA:120,0
DA:121,0
DA:125,1
DA:126,3
DA:127,1
DA:128,2
DA:129,1
DA:133,1
DA:135,1
DA:137,1
DA:138,1
DA:139,1
DA:144,0
DA:151,1
DA:152,3
DA:154,1
DA:155,3
DA:157,1
DA:158,1
DA:159,1
DA:160,3
DA:162,2
DA:168,4
DA:171,1
DA:172,1
DA:174,1
DA:176,1
DA:177,2
DA:179,1
DA:180,1
DA:182,1
DA:184,1
DA:186,1
DA:187,1
DA:188,0
DA:189,0
DA:192,1
DA:193,0
DA:195,1
DA:196,1
DA:198,1
DA:200,0
DA:201,0
DA:202,0
DA:204,0
DA:205,0
DA:206,0
DA:209,0
DA:212,0
DA:213,0
DA:214,0
DA:216,0
DA:218,0
DA:219,0
DA:220,0
DA:222,0
DA:225,0
DA:226,0
DA:232,2
DA:236,0
DA:299,1
DA:301,1
DA:316,1
DA:318,1
DA:321,1
DA:322,1
DA:323,0
DA:324,0
DA:333,1
DA:335,2
DA:336,3
DA:339,1
DA:343,3
DA:346,1
DA:347,1
DA:348,1
DA:350,1
DA:351,1
DA:353,0
LF:135
LH:101
end_of_record
SF:lib\presentation\pages\popular_movies_page.dart
DA:10,1
DA:11,1
DA:15,1
DA:17,1
DA:18,4
DA:21,1
DA:23,1
DA:24,1
DA:25,1
DA:27,1
DA:29,1
DA:30,1
DA:31,1
DA:32,1
DA:33,1
DA:35,1
DA:36,1
DA:37,0
DA:38,0
DA:39,0
DA:41,2
DA:43,1
DA:44,1
DA:45,1
DA:46,2
DA:49,0
LF:26
LH:22
end_of_record
SF:lib\common\state_enum.dart
DA:1,19
LF:1
LH:1
end_of_record
SF:lib\presentation\widgets\movie_card_list.dart
DA:12,1
DA:14,1
DA:16,1
DA:18,1
DA:19,0
DA:20,0
DA:23,0
DA:24,0
DA:25,0
DA:27,1
DA:29,1
DA:30,1
DA:31,1
DA:37,1
DA:39,1
DA:40,1
DA:41,2
DA:44,1
DA:46,1
DA:47,1
DA:48,2
DA:56,1
DA:61,1
DA:62,1
DA:63,3
DA:65,2
DA:66,1
DA:68,0
DA:70,2
LF:29
LH:23
end_of_record
SF:lib\presentation\provider\watchlist_movie_notifier.dart
DA:8,2
DA:11,2
DA:14,2
DA:16,1
DA:20,1
DA:21,1
DA:22,1
DA:24,3
DA:25,1
DA:26,1
DA:27,1
DA:28,2
DA:29,1
DA:31,1
DA:32,1
DA:33,1
DA:34,1
LF:17
LH:17
end_of_record
SF:lib\presentation\pages\popular_tv_series_page.dart
DA:10,1
DA:11,1
DA:15,1
DA:17,1
DA:18,4
DA:21,1
DA:23,1
DA:24,1
DA:25,1
DA:27,1
DA:29,1
DA:30,1
DA:31,1
DA:32,1
DA:33,1
DA:35,1
DA:36,1
DA:37,0
DA:38,0
DA:39,0
DA:41,2
DA:43,1
DA:44,1
DA:45,1
DA:46,2
DA:49,0
LF:26
LH:22
end_of_record
SF:lib\presentation\bloc\recommendations_tv_series_state.dart
DA:4,1
DA:6,0
DA:7,0
DA:13,1
DA:15,0
DA:16,0
DA:24,0
DA:26,0
DA:27,0
LF:9
LH:2
end_of_record
SF:lib\presentation\bloc\recommendations_tv_series_bloc.dart
DA:11,0
DA:13,0
DA:18,0
DA:20,0
DA:23,0
DA:25,0
DA:26,0
DA:27,0
DA:28,0
DA:31,0
LF:10
LH:0
end_of_record
SF:lib\presentation\bloc\recommendations_tv_series_event.dart
DA:4,1
DA:10,1
DA:12,0
DA:13,0
LF:4
LH:2
end_of_record
SF:lib\presentation\widgets\tv_series_card_list.dart
DA:12,1
DA:14,1
DA:16,1
DA:18,1
DA:19,0
DA:20,0
DA:23,0
DA:24,0
DA:25,0
DA:26,0
DA:28,1
DA:30,1
DA:31,1
DA:32,1
DA:38,1
DA:40,1
DA:41,1
DA:42,2
DA:45,1
DA:47,1
DA:48,1
DA:49,2
DA:57,1
DA:62,1
DA:63,1
DA:64,3
DA:66,2
DA:67,1
DA:69,0
DA:71,2
LF:30
LH:23
end_of_record
SF:lib\presentation\pages\tv_series_detail_page.dart
DA:18,1
DA:20,1
DA:21,1
DA:25,1
DA:27,1
DA:28,2
DA:29,6
DA:30,2
DA:31,4
DA:32,2
DA:33,4
DA:37,1
DA:39,1
DA:40,1
DA:41,1
DA:42,1
DA:43,0
DA:44,0
DA:46,1
DA:47,1
DA:48,1
DA:49,1
DA:54,0
DA:64,1
DA:68,1
DA:70,3
DA:71,1
DA:72,1
DA:73,1
DA:74,3
DA:75,0
DA:76,0
DA:77,0
DA:82,2
DA:83,1
DA:85,0
DA:88,1
DA:90,1
DA:91,1
DA:92,1
DA:93,1
DA:95,2
DA:102,1
DA:103,1
DA:104,1
DA:106,1
DA:108,1
DA:110,1
DA:111,1
DA:112,2
DA:113,1
DA:115,1
DA:117,1
DA:118,1
DA:119,1
DA:120,1
DA:121,1
DA:124,0
DA:125,0
DA:126,0
DA:128,0
DA:129,0
DA:130,0
DA:134,1
DA:135,1
DA:136,2
DA:137,1
DA:138,2
DA:139,1
DA:143,1
DA:145,1
DA:147,1
DA:148,1
DA:149,1
DA:154,0
DA:160,1
DA:161,3
DA:163,1
DA:164,3
DA:166,1
DA:167,1
DA:168,1
DA:169,3
DA:171,2
DA:177,4
DA:180,1
DA:181,1
DA:183,1
DA:185,1
DA:186,2
DA:188,1
DA:189,1
DA:191,1
DA:193,1
DA:194,4
DA:195,1
DA:196,1
DA:197,1
DA:198,2
DA:200,1
DA:201,1
DA:202,2
DA:209,0
DA:210,1
DA:211,1
DA:212,2
DA:216,1
DA:217,1
DA:221,1
DA:222,1
DA:223,2
DA:224,1
DA:225,1
DA:226,2
DA:228,0
DA:229,0
DA:230,0
DA:237,0
DA:238,0
DA:241,0
DA:246,1
DA:247,1
DA:250,2
DA:254,1
DA:255,1
DA:261,1
DA:263,1
DA:265,1
DA:266,1
DA:268,1
DA:270,1
DA:272,1
DA:273,1
DA:274,0
DA:275,0
DA:278,1
DA:279,0
DA:281,1
DA:282,1
DA:284,1
DA:286,0
DA:288,0
DA:289,0
DA:291,0
DA:292,0
DA:293,0
DA:296,0
DA:299,0
DA:300,0
DA:301,0
DA:303,0
DA:305,0
DA:306,0
DA:307,0
DA:309,0
DA:312,0
DA:313,0
DA:319,2
DA:323,0
DA:330,1
DA:332,1
DA:347,1
DA:349,1
DA:352,1
DA:353,1
DA:354,0
DA:355,0
DA:364,1
DA:366,2
DA:367,3
DA:370,1
DA:374,3
DA:377,1
DA:378,2
DA:379,1
DA:380,1
DA:382,1
DA:383,1
DA:385,1
DA:387,1
DA:391,2
DA:392,4
LF:182
LH:138
end_of_record
SF:lib\presentation\provider\watchlist_tv_series_notifier.dart
DA:8,2
DA:11,2
DA:14,2
DA:16,1
DA:20,1
DA:21,1
DA:22,1
DA:24,3
DA:25,1
DA:26,1
DA:27,1
DA:28,2
DA:29,1
DA:31,1
DA:32,1
DA:33,1
DA:34,1
LF:17
LH:17
end_of_record
SF:lib\presentation\pages\top_rated_movies_page.dart
DA:10,2
DA:11,2
DA:15,2
DA:17,2
DA:18,8
DA:21,2
DA:23,2
DA:24,2
DA:25,2
DA:27,2
DA:29,2
DA:30,2
DA:31,2
DA:32,1
DA:33,1
DA:35,2
DA:36,2
DA:37,1
DA:38,2
DA:39,1
DA:41,4
DA:43,1
DA:44,1
DA:45,1
DA:46,2
DA:49,0
LF:26
LH:25
end_of_record
SF:lib\presentation\pages\top_rated_tv_series_page.dart
DA:11,2
DA:12,2
DA:16,2
DA:18,2
DA:19,8
DA:22,2
DA:24,2
DA:25,2
DA:26,2
DA:28,2
DA:30,2
DA:31,2
DA:32,2
DA:33,1
DA:34,1
DA:36,2
DA:37,2
DA:38,1
DA:39,2
DA:40,1
DA:42,4
DA:44,1
DA:45,1
DA:46,1
DA:47,2
DA:50,0
LF:26
LH:25
end_of_record
SF:lib\presentation\provider\movie_detail_notifier.dart
DA:22,1
DA:31,2
DA:34,2
DA:37,2
DA:40,2
DA:43,2
DA:46,2
DA:48,1
DA:49,1
DA:50,1
DA:51,3
DA:52,3
DA:53,1
DA:54,1
DA:55,1
DA:56,2
DA:57,1
DA:59,1
DA:60,1
DA:61,1
DA:62,1
DA:64,1
DA:65,1
DA:66,1
DA:67,2
DA:69,1
DA:70,1
DA:71,1
DA:74,1
DA:75,1
DA:81,2
DA:83,1
DA:84,3
DA:86,2
DA:87,1
DA:88,2
DA:90,1
DA:91,1
DA:95,3
DA:98,1
DA:99,3
DA:101,2
DA:102,1
DA:103,2
DA:105,1
DA:106,1
DA:110,3
DA:113,1
DA:114,3
DA:115,1
DA:116,1
LF:51
LH:51
end_of_record
SF:lib\presentation\provider\movie_list_notifier.dart
DA:10,2
DA:13,2
DA:16,2
DA:19,2
DA:22,2
DA:25,2
DA:28,2
DA:30,1
DA:40,1
DA:41,1
DA:42,1
DA:44,3
DA:45,1
DA:46,1
DA:47,1
DA:48,2
DA:49,1
DA:51,1
DA:52,1
DA:53,1
DA:54,1
DA:59,1
DA:60,1
DA:61,1
DA:63,3
DA:64,1
DA:65,1
DA:66,1
DA:67,2
DA:68,1
DA:70,1
DA:71,1
DA:72,1
DA:73,1
DA:78,1
DA:79,1
DA:80,1
DA:82,3
DA:83,1
DA:84,1
DA:85,1
DA:86,2
DA:87,1
DA:89,1
DA:90,1
DA:91,1
DA:92,1
LF:47
LH:47
end_of_record
SF:lib\presentation\provider\movie_search_notifier.dart
DA:9,1
DA:12,2
DA:15,2
DA:18,2
DA:20,1
DA:21,1
DA:22,1
DA:24,3
DA:25,1
DA:26,1
DA:27,2
DA:28,1
DA:29,1
DA:31,1
DA:32,1
DA:33,1
DA:34,1
LF:17
LH:17
end_of_record
SF:lib\presentation\provider\popular_movies_notifier.dart
DA:9,1
DA:12,2
DA:15,2
DA:18,2
DA:20,1
DA:21,1
DA:22,1
DA:24,3
DA:26,1
DA:27,1
DA:28,2
DA:29,1
DA:30,1
DA:32,1
DA:33,1
DA:34,1
DA:35,1
LF:17
LH:17
end_of_record
SF:lib\presentation\provider\popular_tv_series_notifier.dart
DA:9,1
DA:12,2
DA:15,2
DA:18,2
DA:20,1
DA:21,1
DA:22,1
DA:24,3
DA:26,1
DA:27,1
DA:28,2
DA:29,1
DA:30,1
DA:32,1
DA:33,1
DA:34,1
DA:35,1
LF:17
LH:17
end_of_record
SF:lib\presentation\provider\top_rated_movies_notifier.dart
DA:9,1
DA:12,2
DA:15,2
DA:18,2
DA:20,1
DA:21,1
DA:22,1
DA:24,3
DA:26,1
DA:27,1
DA:28,2
DA:29,1
DA:30,1
DA:32,1
DA:33,1
DA:34,1
DA:35,1
LF:17
LH:17
end_of_record
SF:lib\presentation\provider\top_rated_tv_series_notifier.dart
DA:9,1
DA:12,2
DA:15,2
DA:18,2
DA:20,1
DA:21,1
DA:22,1
DA:24,3
DA:26,1
DA:27,1
DA:28,2
DA:29,1
DA:30,1
DA:32,1
DA:33,1
DA:34,1
DA:35,1
LF:17
LH:17
end_of_record
SF:lib\presentation\provider\tv_series_detail_notifier.dart
DA:23,1
DA:33,2
DA:36,2
DA:39,2
DA:42,2
DA:45,0
DA:48,2
DA:51,2
DA:53,1
DA:54,1
DA:55,1
DA:57,3
DA:58,3
DA:60,2
DA:61,1
DA:62,2
DA:63,1
DA:64,1
DA:65,1
DA:66,1
DA:67,1
DA:69,4
DA:70,1
DA:71,1
DA:72,3
DA:73,3
DA:75,2
DA:76,1
DA:77,2
DA:78,1
DA:79,1
DA:80,4
DA:84,2
DA:85,1
DA:86,2
DA:87,1
DA:88,1
DA:89,1
DA:92,1
DA:93,1
DA:98,2
DA:100,1
DA:101,3
DA:103,2
DA:104,1
DA:105,2
DA:107,1
DA:108,1
DA:112,3
DA:115,1
DA:116,3
DA:118,2
DA:119,1
DA:120,2
DA:122,1
DA:123,1
DA:127,3
DA:130,1
DA:131,3
DA:132,1
DA:133,1
LF:61
LH:60
end_of_record
SF:lib\presentation\provider\tv_series_list_notifier.dart
DA:10,2
DA:13,2
DA:16,2
DA:19,2
DA:22,2
DA:25,2
DA:28,2
DA:30,1
DA:40,1
DA:41,1
DA:42,1
DA:44,3
DA:45,1
DA:46,1
DA:47,1
DA:48,2
DA:49,1
DA:51,1
DA:52,1
DA:53,1
DA:54,1
DA:59,1
DA:60,1
DA:61,1
DA:63,3
DA:64,1
DA:65,1
DA:66,1
DA:67,2
DA:68,1
DA:70,1
DA:71,1
DA:72,1
DA:73,1
DA:78,1
DA:79,1
DA:80,1
DA:82,3
DA:83,1
DA:84,1
DA:85,1
DA:86,2
DA:87,1
DA:89,1
DA:90,1
DA:91,1
DA:92,1
LF:47
LH:47
end_of_record
SF:lib\presentation\provider\tv_series_search_notifier.dart
DA:9,1
DA:12,2
DA:15,2
DA:18,2
DA:20,1
DA:21,1
DA:22,1
DA:24,3
DA:25,2
DA:26,2
DA:27,1
DA:28,1
DA:29,1
DA:30,1
DA:31,1
DA:32,1
LF:16
LH:16
end_of_record
